<?xml version="1.0" encoding="UTF-8"?>
<testsuite xmlns:xsi="http://www.w3.org/2001/XMLSchema-instance" xsi:noNamespaceSchemaLocation="https://maven.apache.org/surefire/maven-surefire-plugin/xsd/surefire-test-report.xsd" name="accounts.web.AccountControllerCustomUserDetailsServiceTests" time="1.4" tests="2" errors="0" skipped="2" failures="0">
  <properties>
    <property name="gopherProxySet" value="false"/>
    <property name="awt.toolkit" value="sun.lwawt.macosx.LWCToolkit"/>
    <property name="java.specification.version" value="11"/>
    <property name="sun.cpu.isalist" value=""/>
    <property name="sun.jnu.encoding" value="UTF-8"/>
    <property name="java.class.path" value="/Users/robertkokorev/Dev/workshops/spring-academy-labfiles/42-security-rest/target/test-classes:/Users/robertkokorev/Dev/workshops/spring-academy-labfiles/42-security-rest/target/classes:/Users/robertkokorev/.m2/repository/org/springframework/boot/spring-boot-starter-web/2.7.5/spring-boot-starter-web-2.7.5.jar:/Users/robertkokorev/.m2/repository/org/springframework/boot/spring-boot-starter-json/2.7.5/spring-boot-starter-json-2.7.5.jar:/Users/robertkokorev/.m2/repository/com/fasterxml/jackson/core/jackson-databind/2.13.4.2/jackson-databind-2.13.4.2.jar:/Users/robertkokorev/.m2/repository/com/fasterxml/jackson/core/jackson-core/2.13.4/jackson-core-2.13.4.jar:/Users/robertkokorev/.m2/repository/com/fasterxml/jackson/datatype/jackson-datatype-jdk8/2.13.4/jackson-datatype-jdk8-2.13.4.jar:/Users/robertkokorev/.m2/repository/com/fasterxml/jackson/datatype/jackson-datatype-jsr310/2.13.4/jackson-datatype-jsr310-2.13.4.jar:/Users/robertkokorev/.m2/repository/com/fasterxml/jackson/module/jackson-module-parameter-names/2.13.4/jackson-module-parameter-names-2.13.4.jar:/Users/robertkokorev/.m2/repository/org/springframework/boot/spring-boot-starter-tomcat/2.7.5/spring-boot-starter-tomcat-2.7.5.jar:/Users/robertkokorev/.m2/repository/org/apache/tomcat/embed/tomcat-embed-core/9.0.68/tomcat-embed-core-9.0.68.jar:/Users/robertkokorev/.m2/repository/org/apache/tomcat/embed/tomcat-embed-el/9.0.68/tomcat-embed-el-9.0.68.jar:/Users/robertkokorev/.m2/repository/org/apache/tomcat/embed/tomcat-embed-websocket/9.0.68/tomcat-embed-websocket-9.0.68.jar:/Users/robertkokorev/.m2/repository/org/springframework/spring-web/5.3.23/spring-web-5.3.23.jar:/Users/robertkokorev/.m2/repository/org/springframework/spring-webmvc/5.3.23/spring-webmvc-5.3.23.jar:/Users/robertkokorev/.m2/repository/org/springframework/spring-context/5.3.23/spring-context-5.3.23.jar:/Users/robertkokorev/.m2/repository/org/springframework/spring-expression/5.3.23/spring-expression-5.3.23.jar:/Users/robertkokorev/.m2/repository/org/springframework/boot/spring-boot-starter-security/2.7.5/spring-boot-starter-security-2.7.5.jar:/Users/robertkokorev/.m2/repository/org/springframework/spring-aop/5.3.23/spring-aop-5.3.23.jar:/Users/robertkokorev/.m2/repository/org/springframework/security/spring-security-config/5.8.0/spring-security-config-5.8.0.jar:/Users/robertkokorev/.m2/repository/org/springframework/security/spring-security-web/5.8.0/spring-security-web-5.8.0.jar:/Users/robertkokorev/.m2/repository/org/springframework/security/spring-security-test/5.8.0/spring-security-test-5.8.0.jar:/Users/robertkokorev/.m2/repository/org/springframework/security/spring-security-core/5.8.0/spring-security-core-5.8.0.jar:/Users/robertkokorev/.m2/repository/org/springframework/security/spring-security-crypto/5.8.0/spring-security-crypto-5.8.0.jar:/Users/robertkokorev/.m2/repository/org/springframework/spring-core/5.3.23/spring-core-5.3.23.jar:/Users/robertkokorev/.m2/repository/org/springframework/spring-jcl/5.3.23/spring-jcl-5.3.23.jar:/Users/robertkokorev/.m2/repository/org/springframework/spring-test/5.3.23/spring-test-5.3.23.jar:/Users/robertkokorev/.m2/repository/org/springframework/boot/spring-boot-devtools/2.7.5/spring-boot-devtools-2.7.5.jar:/Users/robertkokorev/.m2/repository/org/springframework/boot/spring-boot/2.7.5/spring-boot-2.7.5.jar:/Users/robertkokorev/.m2/repository/org/springframework/boot/spring-boot-autoconfigure/2.7.5/spring-boot-autoconfigure-2.7.5.jar:/Users/robertkokorev/Dev/workshops/spring-academy-labfiles/00-rewards-common/target/00-rewards-common-5.3.23.jar:/Users/robertkokorev/.m2/repository/org/hibernate/hibernate-entitymanager/5.6.12.Final/hibernate-entitymanager-5.6.12.Final.jar:/Users/robertkokorev/.m2/repository/org/jboss/logging/jboss-logging/3.4.3.Final/jboss-logging-3.4.3.Final.jar:/Users/robertkokorev/.m2/repository/org/hibernate/hibernate-core/5.6.12.Final/hibernate-core-5.6.12.Final.jar:/Users/robertkokorev/.m2/repository/antlr/antlr/2.7.7/antlr-2.7.7.jar:/Users/robertkokorev/.m2/repository/org/jboss/jandex/2.4.2.Final/jandex-2.4.2.Final.jar:/Users/robertkokorev/.m2/repository/com/fasterxml/classmate/1.5.1/classmate-1.5.1.jar:/Users/robertkokorev/.m2/repository/javax/activation/javax.activation-api/1.2.0/javax.activation-api-1.2.0.jar:/Users/robertkokorev/.m2/repository/javax/xml/bind/jaxb-api/2.3.1/jaxb-api-2.3.1.jar:/Users/robertkokorev/.m2/repository/org/glassfish/jaxb/jaxb-runtime/2.3.7/jaxb-runtime-2.3.7.jar:/Users/robertkokorev/.m2/repository/org/glassfish/jaxb/txw2/2.3.7/txw2-2.3.7.jar:/Users/robertkokorev/.m2/repository/com/sun/istack/istack-commons-runtime/3.0.12/istack-commons-runtime-3.0.12.jar:/Users/robertkokorev/.m2/repository/com/sun/activation/jakarta.activation/1.2.2/jakarta.activation-1.2.2.jar:/Users/robertkokorev/.m2/repository/org/hibernate/common/hibernate-commons-annotations/5.1.2.Final/hibernate-commons-annotations-5.1.2.Final.jar:/Users/robertkokorev/.m2/repository/javax/persistence/javax.persistence-api/2.2/javax.persistence-api-2.2.jar:/Users/robertkokorev/.m2/repository/net/bytebuddy/byte-buddy/1.12.18/byte-buddy-1.12.18.jar:/Users/robertkokorev/.m2/repository/org/jboss/spec/javax/transaction/jboss-transaction-api_1.2_spec/1.1.1.Final/jboss-transaction-api_1.2_spec-1.1.1.Final.jar:/Users/robertkokorev/.m2/repository/com/fasterxml/jackson/core/jackson-annotations/2.13.4/jackson-annotations-2.13.4.jar:/Users/robertkokorev/Dev/workshops/spring-academy-labfiles/01-rewards-db/target/01-rewards-db-5.3.23.jar:/Users/robertkokorev/.m2/repository/org/springframework/spring-orm/5.3.23/spring-orm-5.3.23.jar:/Users/robertkokorev/.m2/repository/org/springframework/boot/spring-boot-starter/2.7.5/spring-boot-starter-2.7.5.jar:/Users/robertkokorev/.m2/repository/org/springframework/boot/spring-boot-starter-logging/2.7.5/spring-boot-starter-logging-2.7.5.jar:/Users/robertkokorev/.m2/repository/ch/qos/logback/logback-classic/1.2.11/logback-classic-1.2.11.jar:/Users/robertkokorev/.m2/repository/ch/qos/logback/logback-core/1.2.11/logback-core-1.2.11.jar:/Users/robertkokorev/.m2/repository/org/apache/logging/log4j/log4j-to-slf4j/2.17.2/log4j-to-slf4j-2.17.2.jar:/Users/robertkokorev/.m2/repository/org/apache/logging/log4j/log4j-api/2.17.2/log4j-api-2.17.2.jar:/Users/robertkokorev/.m2/repository/org/slf4j/jul-to-slf4j/1.7.36/jul-to-slf4j-1.7.36.jar:/Users/robertkokorev/.m2/repository/jakarta/annotation/jakarta.annotation-api/1.3.5/jakarta.annotation-api-1.3.5.jar:/Users/robertkokorev/.m2/repository/org/yaml/snakeyaml/1.30/snakeyaml-1.30.jar:/Users/robertkokorev/.m2/repository/org/springframework/boot/spring-boot-starter-test/2.7.5/spring-boot-starter-test-2.7.5.jar:/Users/robertkokorev/.m2/repository/org/springframework/boot/spring-boot-test/2.7.5/spring-boot-test-2.7.5.jar:/Users/robertkokorev/.m2/repository/org/springframework/boot/spring-boot-test-autoconfigure/2.7.5/spring-boot-test-autoconfigure-2.7.5.jar:/Users/robertkokorev/.m2/repository/com/jayway/jsonpath/json-path/2.7.0/json-path-2.7.0.jar:/Users/robertkokorev/.m2/repository/net/minidev/json-smart/2.4.8/json-smart-2.4.8.jar:/Users/robertkokorev/.m2/repository/net/minidev/accessors-smart/2.4.8/accessors-smart-2.4.8.jar:/Users/robertkokorev/.m2/repository/org/ow2/asm/asm/9.1/asm-9.1.jar:/Users/robertkokorev/.m2/repository/org/slf4j/slf4j-api/1.7.36/slf4j-api-1.7.36.jar:/Users/robertkokorev/.m2/repository/jakarta/xml/bind/jakarta.xml.bind-api/2.3.3/jakarta.xml.bind-api-2.3.3.jar:/Users/robertkokorev/.m2/repository/jakarta/activation/jakarta.activation-api/1.2.2/jakarta.activation-api-1.2.2.jar:/Users/robertkokorev/.m2/repository/org/assertj/assertj-core/3.22.0/assertj-core-3.22.0.jar:/Users/robertkokorev/.m2/repository/org/hamcrest/hamcrest/2.2/hamcrest-2.2.jar:/Users/robertkokorev/.m2/repository/org/junit/jupiter/junit-jupiter/5.8.2/junit-jupiter-5.8.2.jar:/Users/robertkokorev/.m2/repository/org/junit/jupiter/junit-jupiter-api/5.8.2/junit-jupiter-api-5.8.2.jar:/Users/robertkokorev/.m2/repository/org/opentest4j/opentest4j/1.2.0/opentest4j-1.2.0.jar:/Users/robertkokorev/.m2/repository/org/junit/platform/junit-platform-commons/1.8.2/junit-platform-commons-1.8.2.jar:/Users/robertkokorev/.m2/repository/org/apiguardian/apiguardian-api/1.1.2/apiguardian-api-1.1.2.jar:/Users/robertkokorev/.m2/repository/org/junit/jupiter/junit-jupiter-params/5.8.2/junit-jupiter-params-5.8.2.jar:/Users/robertkokorev/.m2/repository/org/junit/jupiter/junit-jupiter-engine/5.8.2/junit-jupiter-engine-5.8.2.jar:/Users/robertkokorev/.m2/repository/org/junit/platform/junit-platform-engine/1.8.2/junit-platform-engine-1.8.2.jar:/Users/robertkokorev/.m2/repository/org/mockito/mockito-core/4.5.1/mockito-core-4.5.1.jar:/Users/robertkokorev/.m2/repository/net/bytebuddy/byte-buddy-agent/1.12.18/byte-buddy-agent-1.12.18.jar:/Users/robertkokorev/.m2/repository/org/objenesis/objenesis/3.2/objenesis-3.2.jar:/Users/robertkokorev/.m2/repository/org/mockito/mockito-junit-jupiter/4.5.1/mockito-junit-jupiter-4.5.1.jar:/Users/robertkokorev/.m2/repository/org/skyscreamer/jsonassert/1.5.1/jsonassert-1.5.1.jar:/Users/robertkokorev/.m2/repository/com/vaadin/external/google/android-json/0.0.20131108.vaadin1/android-json-0.0.20131108.vaadin1.jar:/Users/robertkokorev/.m2/repository/org/xmlunit/xmlunit-core/2.9.0/xmlunit-core-2.9.0.jar:/Users/robertkokorev/.m2/repository/org/springframework/spring-jdbc/5.3.23/spring-jdbc-5.3.23.jar:/Users/robertkokorev/.m2/repository/org/springframework/spring-beans/5.3.23/spring-beans-5.3.23.jar:/Users/robertkokorev/.m2/repository/org/springframework/spring-tx/5.3.23/spring-tx-5.3.23.jar:/Users/robertkokorev/.m2/repository/org/hsqldb/hsqldb/2.5.2/hsqldb-2.5.2.jar:"/>
    <property name="java.vm.vendor" value="Homebrew"/>
    <property name="sun.arch.data.model" value="64"/>
    <property name="java.vendor.url" value="https://github.com/Homebrew/homebrew-core/issues"/>
    <property name="user.timezone" value=""/>
    <property name="java.vm.specification.version" value="11"/>
    <property name="os.name" value="Mac OS X"/>
    <property name="sun.java.launcher" value="SUN_STANDARD"/>
    <property name="user.country" value="DE"/>
    <property name="sun.boot.library.path" value="/opt/homebrew/Cellar/openjdk@11/11.0.18/libexec/openjdk.jdk/Contents/Home/lib"/>
    <property name="sun.java.command" value="/Users/robertkokorev/Dev/workshops/spring-academy-labfiles/42-security-rest/target/surefire/surefirebooter4240612621754086551.jar /Users/robertkokorev/Dev/workshops/spring-academy-labfiles/42-security-rest/target/surefire 2023-08-27T13-07-47_695-jvmRun1 surefire2830672332090623526tmp surefire_2718241051953338868399tmp"/>
    <property name="http.nonProxyHosts" value="local|*.local|169.254/16|*.169.254/16"/>
    <property name="jdk.debug" value="release"/>
    <property name="surefire.test.class.path" value="/Users/robertkokorev/Dev/workshops/spring-academy-labfiles/42-security-rest/target/test-classes:/Users/robertkokorev/Dev/workshops/spring-academy-labfiles/42-security-rest/target/classes:/Users/robertkokorev/.m2/repository/org/springframework/boot/spring-boot-starter-web/2.7.5/spring-boot-starter-web-2.7.5.jar:/Users/robertkokorev/.m2/repository/org/springframework/boot/spring-boot-starter-json/2.7.5/spring-boot-starter-json-2.7.5.jar:/Users/robertkokorev/.m2/repository/com/fasterxml/jackson/core/jackson-databind/2.13.4.2/jackson-databind-2.13.4.2.jar:/Users/robertkokorev/.m2/repository/com/fasterxml/jackson/core/jackson-core/2.13.4/jackson-core-2.13.4.jar:/Users/robertkokorev/.m2/repository/com/fasterxml/jackson/datatype/jackson-datatype-jdk8/2.13.4/jackson-datatype-jdk8-2.13.4.jar:/Users/robertkokorev/.m2/repository/com/fasterxml/jackson/datatype/jackson-datatype-jsr310/2.13.4/jackson-datatype-jsr310-2.13.4.jar:/Users/robertkokorev/.m2/repository/com/fasterxml/jackson/module/jackson-module-parameter-names/2.13.4/jackson-module-parameter-names-2.13.4.jar:/Users/robertkokorev/.m2/repository/org/springframework/boot/spring-boot-starter-tomcat/2.7.5/spring-boot-starter-tomcat-2.7.5.jar:/Users/robertkokorev/.m2/repository/org/apache/tomcat/embed/tomcat-embed-core/9.0.68/tomcat-embed-core-9.0.68.jar:/Users/robertkokorev/.m2/repository/org/apache/tomcat/embed/tomcat-embed-el/9.0.68/tomcat-embed-el-9.0.68.jar:/Users/robertkokorev/.m2/repository/org/apache/tomcat/embed/tomcat-embed-websocket/9.0.68/tomcat-embed-websocket-9.0.68.jar:/Users/robertkokorev/.m2/repository/org/springframework/spring-web/5.3.23/spring-web-5.3.23.jar:/Users/robertkokorev/.m2/repository/org/springframework/spring-webmvc/5.3.23/spring-webmvc-5.3.23.jar:/Users/robertkokorev/.m2/repository/org/springframework/spring-context/5.3.23/spring-context-5.3.23.jar:/Users/robertkokorev/.m2/repository/org/springframework/spring-expression/5.3.23/spring-expression-5.3.23.jar:/Users/robertkokorev/.m2/repository/org/springframework/boot/spring-boot-starter-security/2.7.5/spring-boot-starter-security-2.7.5.jar:/Users/robertkokorev/.m2/repository/org/springframework/spring-aop/5.3.23/spring-aop-5.3.23.jar:/Users/robertkokorev/.m2/repository/org/springframework/security/spring-security-config/5.8.0/spring-security-config-5.8.0.jar:/Users/robertkokorev/.m2/repository/org/springframework/security/spring-security-web/5.8.0/spring-security-web-5.8.0.jar:/Users/robertkokorev/.m2/repository/org/springframework/security/spring-security-test/5.8.0/spring-security-test-5.8.0.jar:/Users/robertkokorev/.m2/repository/org/springframework/security/spring-security-core/5.8.0/spring-security-core-5.8.0.jar:/Users/robertkokorev/.m2/repository/org/springframework/security/spring-security-crypto/5.8.0/spring-security-crypto-5.8.0.jar:/Users/robertkokorev/.m2/repository/org/springframework/spring-core/5.3.23/spring-core-5.3.23.jar:/Users/robertkokorev/.m2/repository/org/springframework/spring-jcl/5.3.23/spring-jcl-5.3.23.jar:/Users/robertkokorev/.m2/repository/org/springframework/spring-test/5.3.23/spring-test-5.3.23.jar:/Users/robertkokorev/.m2/repository/org/springframework/boot/spring-boot-devtools/2.7.5/spring-boot-devtools-2.7.5.jar:/Users/robertkokorev/.m2/repository/org/springframework/boot/spring-boot/2.7.5/spring-boot-2.7.5.jar:/Users/robertkokorev/.m2/repository/org/springframework/boot/spring-boot-autoconfigure/2.7.5/spring-boot-autoconfigure-2.7.5.jar:/Users/robertkokorev/Dev/workshops/spring-academy-labfiles/00-rewards-common/target/00-rewards-common-5.3.23.jar:/Users/robertkokorev/.m2/repository/org/hibernate/hibernate-entitymanager/5.6.12.Final/hibernate-entitymanager-5.6.12.Final.jar:/Users/robertkokorev/.m2/repository/org/jboss/logging/jboss-logging/3.4.3.Final/jboss-logging-3.4.3.Final.jar:/Users/robertkokorev/.m2/repository/org/hibernate/hibernate-core/5.6.12.Final/hibernate-core-5.6.12.Final.jar:/Users/robertkokorev/.m2/repository/antlr/antlr/2.7.7/antlr-2.7.7.jar:/Users/robertkokorev/.m2/repository/org/jboss/jandex/2.4.2.Final/jandex-2.4.2.Final.jar:/Users/robertkokorev/.m2/repository/com/fasterxml/classmate/1.5.1/classmate-1.5.1.jar:/Users/robertkokorev/.m2/repository/javax/activation/javax.activation-api/1.2.0/javax.activation-api-1.2.0.jar:/Users/robertkokorev/.m2/repository/javax/xml/bind/jaxb-api/2.3.1/jaxb-api-2.3.1.jar:/Users/robertkokorev/.m2/repository/org/glassfish/jaxb/jaxb-runtime/2.3.7/jaxb-runtime-2.3.7.jar:/Users/robertkokorev/.m2/repository/org/glassfish/jaxb/txw2/2.3.7/txw2-2.3.7.jar:/Users/robertkokorev/.m2/repository/com/sun/istack/istack-commons-runtime/3.0.12/istack-commons-runtime-3.0.12.jar:/Users/robertkokorev/.m2/repository/com/sun/activation/jakarta.activation/1.2.2/jakarta.activation-1.2.2.jar:/Users/robertkokorev/.m2/repository/org/hibernate/common/hibernate-commons-annotations/5.1.2.Final/hibernate-commons-annotations-5.1.2.Final.jar:/Users/robertkokorev/.m2/repository/javax/persistence/javax.persistence-api/2.2/javax.persistence-api-2.2.jar:/Users/robertkokorev/.m2/repository/net/bytebuddy/byte-buddy/1.12.18/byte-buddy-1.12.18.jar:/Users/robertkokorev/.m2/repository/org/jboss/spec/javax/transaction/jboss-transaction-api_1.2_spec/1.1.1.Final/jboss-transaction-api_1.2_spec-1.1.1.Final.jar:/Users/robertkokorev/.m2/repository/com/fasterxml/jackson/core/jackson-annotations/2.13.4/jackson-annotations-2.13.4.jar:/Users/robertkokorev/Dev/workshops/spring-academy-labfiles/01-rewards-db/target/01-rewards-db-5.3.23.jar:/Users/robertkokorev/.m2/repository/org/springframework/spring-orm/5.3.23/spring-orm-5.3.23.jar:/Users/robertkokorev/.m2/repository/org/springframework/boot/spring-boot-starter/2.7.5/spring-boot-starter-2.7.5.jar:/Users/robertkokorev/.m2/repository/org/springframework/boot/spring-boot-starter-logging/2.7.5/spring-boot-starter-logging-2.7.5.jar:/Users/robertkokorev/.m2/repository/ch/qos/logback/logback-classic/1.2.11/logback-classic-1.2.11.jar:/Users/robertkokorev/.m2/repository/ch/qos/logback/logback-core/1.2.11/logback-core-1.2.11.jar:/Users/robertkokorev/.m2/repository/org/apache/logging/log4j/log4j-to-slf4j/2.17.2/log4j-to-slf4j-2.17.2.jar:/Users/robertkokorev/.m2/repository/org/apache/logging/log4j/log4j-api/2.17.2/log4j-api-2.17.2.jar:/Users/robertkokorev/.m2/repository/org/slf4j/jul-to-slf4j/1.7.36/jul-to-slf4j-1.7.36.jar:/Users/robertkokorev/.m2/repository/jakarta/annotation/jakarta.annotation-api/1.3.5/jakarta.annotation-api-1.3.5.jar:/Users/robertkokorev/.m2/repository/org/yaml/snakeyaml/1.30/snakeyaml-1.30.jar:/Users/robertkokorev/.m2/repository/org/springframework/boot/spring-boot-starter-test/2.7.5/spring-boot-starter-test-2.7.5.jar:/Users/robertkokorev/.m2/repository/org/springframework/boot/spring-boot-test/2.7.5/spring-boot-test-2.7.5.jar:/Users/robertkokorev/.m2/repository/org/springframework/boot/spring-boot-test-autoconfigure/2.7.5/spring-boot-test-autoconfigure-2.7.5.jar:/Users/robertkokorev/.m2/repository/com/jayway/jsonpath/json-path/2.7.0/json-path-2.7.0.jar:/Users/robertkokorev/.m2/repository/net/minidev/json-smart/2.4.8/json-smart-2.4.8.jar:/Users/robertkokorev/.m2/repository/net/minidev/accessors-smart/2.4.8/accessors-smart-2.4.8.jar:/Users/robertkokorev/.m2/repository/org/ow2/asm/asm/9.1/asm-9.1.jar:/Users/robertkokorev/.m2/repository/org/slf4j/slf4j-api/1.7.36/slf4j-api-1.7.36.jar:/Users/robertkokorev/.m2/repository/jakarta/xml/bind/jakarta.xml.bind-api/2.3.3/jakarta.xml.bind-api-2.3.3.jar:/Users/robertkokorev/.m2/repository/jakarta/activation/jakarta.activation-api/1.2.2/jakarta.activation-api-1.2.2.jar:/Users/robertkokorev/.m2/repository/org/assertj/assertj-core/3.22.0/assertj-core-3.22.0.jar:/Users/robertkokorev/.m2/repository/org/hamcrest/hamcrest/2.2/hamcrest-2.2.jar:/Users/robertkokorev/.m2/repository/org/junit/jupiter/junit-jupiter/5.8.2/junit-jupiter-5.8.2.jar:/Users/robertkokorev/.m2/repository/org/junit/jupiter/junit-jupiter-api/5.8.2/junit-jupiter-api-5.8.2.jar:/Users/robertkokorev/.m2/repository/org/opentest4j/opentest4j/1.2.0/opentest4j-1.2.0.jar:/Users/robertkokorev/.m2/repository/org/junit/platform/junit-platform-commons/1.8.2/junit-platform-commons-1.8.2.jar:/Users/robertkokorev/.m2/repository/org/apiguardian/apiguardian-api/1.1.2/apiguardian-api-1.1.2.jar:/Users/robertkokorev/.m2/repository/org/junit/jupiter/junit-jupiter-params/5.8.2/junit-jupiter-params-5.8.2.jar:/Users/robertkokorev/.m2/repository/org/junit/jupiter/junit-jupiter-engine/5.8.2/junit-jupiter-engine-5.8.2.jar:/Users/robertkokorev/.m2/repository/org/junit/platform/junit-platform-engine/1.8.2/junit-platform-engine-1.8.2.jar:/Users/robertkokorev/.m2/repository/org/mockito/mockito-core/4.5.1/mockito-core-4.5.1.jar:/Users/robertkokorev/.m2/repository/net/bytebuddy/byte-buddy-agent/1.12.18/byte-buddy-agent-1.12.18.jar:/Users/robertkokorev/.m2/repository/org/objenesis/objenesis/3.2/objenesis-3.2.jar:/Users/robertkokorev/.m2/repository/org/mockito/mockito-junit-jupiter/4.5.1/mockito-junit-jupiter-4.5.1.jar:/Users/robertkokorev/.m2/repository/org/skyscreamer/jsonassert/1.5.1/jsonassert-1.5.1.jar:/Users/robertkokorev/.m2/repository/com/vaadin/external/google/android-json/0.0.20131108.vaadin1/android-json-0.0.20131108.vaadin1.jar:/Users/robertkokorev/.m2/repository/org/xmlunit/xmlunit-core/2.9.0/xmlunit-core-2.9.0.jar:/Users/robertkokorev/.m2/repository/org/springframework/spring-jdbc/5.3.23/spring-jdbc-5.3.23.jar:/Users/robertkokorev/.m2/repository/org/springframework/spring-beans/5.3.23/spring-beans-5.3.23.jar:/Users/robertkokorev/.m2/repository/org/springframework/spring-tx/5.3.23/spring-tx-5.3.23.jar:/Users/robertkokorev/.m2/repository/org/hsqldb/hsqldb/2.5.2/hsqldb-2.5.2.jar:"/>
    <property name="sun.cpu.endian" value="little"/>
    <property name="user.home" value="/Users/robertkokorev"/>
    <property name="user.language" value="en"/>
    <property name="java.specification.vendor" value="Oracle Corporation"/>
    <property name="java.version.date" value="2023-01-17"/>
    <property name="java.home" value="/opt/homebrew/Cellar/openjdk@11/11.0.18/libexec/openjdk.jdk/Contents/Home"/>
    <property name="file.separator" value="/"/>
    <property name="basedir" value="/Users/robertkokorev/Dev/workshops/spring-academy-labfiles/42-security-rest"/>
    <property name="java.vm.compressedOopsMode" value="Zero based"/>
    <property name="line.separator" value="&#10;"/>
    <property name="java.specification.name" value="Java Platform API Specification"/>
    <property name="java.vm.specification.vendor" value="Oracle Corporation"/>
    <property name="java.awt.graphicsenv" value="sun.awt.CGraphicsEnvironment"/>
    <property name="surefire.real.class.path" value="/Users/robertkokorev/Dev/workshops/spring-academy-labfiles/42-security-rest/target/surefire/surefirebooter4240612621754086551.jar"/>
    <property name="sun.management.compiler" value="HotSpot 64-Bit Tiered Compilers"/>
    <property name="ftp.nonProxyHosts" value="local|*.local|169.254/16|*.169.254/16"/>
    <property name="java.runtime.version" value="11.0.18+0"/>
    <property name="user.name" value="robertkokorev"/>
    <property name="path.separator" value=":"/>
    <property name="os.version" value="13.4.1"/>
    <property name="java.runtime.name" value="OpenJDK Runtime Environment"/>
    <property name="file.encoding" value="UTF-8"/>
    <property name="java.vm.name" value="OpenJDK 64-Bit Server VM"/>
    <property name="java.vendor.version" value="Homebrew"/>
    <property name="localRepository" value="/Users/robertkokorev/.m2/repository"/>
    <property name="java.vendor.url.bug" value="https://github.com/Homebrew/homebrew-core/issues"/>
    <property name="java.io.tmpdir" value="/var/folders/gz/p_3xjx8s1mlgx5q5zpmxm1fm0000gn/T/"/>
    <property name="java.version" value="11.0.18"/>
    <property name="user.dir" value="/Users/robertkokorev/Dev/workshops/spring-academy-labfiles/42-security-rest"/>
    <property name="os.arch" value="aarch64"/>
    <property name="java.vm.specification.name" value="Java Virtual Machine Specification"/>
    <property name="java.awt.printerjob" value="sun.lwawt.macosx.CPrinterJob"/>
    <property name="sun.os.patch.level" value="unknown"/>
    <property name="java.library.path" value="/Users/robertkokorev/Library/Java/Extensions:/Library/Java/Extensions:/Network/Library/Java/Extensions:/System/Library/Java/Extensions:/usr/lib/java:."/>
    <property name="java.vm.info" value="mixed mode"/>
    <property name="java.vendor" value="Homebrew"/>
    <property name="java.vm.version" value="11.0.18+0"/>
    <property name="sun.io.unicode.encoding" value="UnicodeBig"/>
    <property name="java.class.version" value="55.0"/>
    <property name="socksNonProxyHosts" value="local|*.local|169.254/16|*.169.254/16"/>
  </properties>
  <testcase name="accountDetails_with_joe_credentials_should_return_200" classname="accounts.web.AccountControllerCustomUserDetailsServiceTests" time="0">
    <skipped message="public void accounts.web.AccountControllerCustomUserDetailsServiceTests.accountDetails_with_joe_credentials_should_return_200() throws java.lang.Exception is @Disabled"/>
    <system-out><![CDATA[INFO : o.s.t.c.support.AbstractContextLoader - Could not detect default resource locations for test class [accounts.web.AccountControllerCustomUserDetailsServiceTests]: no resource found for suffixes {-context.xml, Context.groovy}.
INFO : o.s.b.t.a.w.s.WebMvcTestContextBootstrapper - Loaded default TestExecutionListener class names from location [META-INF/spring.factories]: [org.springframework.security.test.context.support.WithSecurityContextTestExecutionListener, org.springframework.security.test.context.support.ReactorContextTestExecutionListener, org.springframework.test.context.web.ServletTestExecutionListener, org.springframework.test.context.support.DirtiesContextBeforeModesTestExecutionListener, org.springframework.test.context.event.ApplicationEventsTestExecutionListener, org.springframework.test.context.support.DependencyInjectionTestExecutionListener, org.springframework.test.context.support.DirtiesContextTestExecutionListener, org.springframework.test.context.transaction.TransactionalTestExecutionListener, org.springframework.test.context.jdbc.SqlScriptsTestExecutionListener, org.springframework.test.context.event.EventPublishingTestExecutionListener, org.springframework.boot.test.mock.mockito.MockitoTestExecutionListener, org.springframework.boot.test.mock.mockito.ResetMocksTestExecutionListener, org.springframework.boot.test.autoconfigure.restdocs.RestDocsTestExecutionListener, org.springframework.boot.test.autoconfigure.web.client.MockRestServiceServerResetTestExecutionListener, org.springframework.boot.test.autoconfigure.web.servlet.MockMvcPrintOnlyOnFailureTestExecutionListener, org.springframework.boot.test.autoconfigure.web.servlet.WebDriverTestExecutionListener, org.springframework.boot.test.autoconfigure.webservices.client.MockWebServiceServerTestExecutionListener]
INFO : o.s.b.t.a.w.s.WebMvcTestContextBootstrapper - Using TestExecutionListeners: [org.springframework.test.context.web.ServletTestExecutionListener@34997338, org.springframework.test.context.support.DirtiesContextBeforeModesTestExecutionListener@57eda880, org.springframework.test.context.event.ApplicationEventsTestExecutionListener@2b5825fa, org.springframework.boot.test.mock.mockito.MockitoTestExecutionListener@53d1b9b3, org.springframework.boot.test.autoconfigure.SpringBootDependencyInjectionTestExecutionListener@2cae1042, org.springframework.test.context.support.DirtiesContextTestExecutionListener@163d04ff, org.springframework.test.context.transaction.TransactionalTestExecutionListener@7c209437, org.springframework.test.context.jdbc.SqlScriptsTestExecutionListener@2262b621, org.springframework.security.test.context.support.WithSecurityContextTestExecutionListener@7e928e2f, org.springframework.test.context.event.EventPublishingTestExecutionListener@f667fe, org.springframework.security.test.context.support.ReactorContextTestExecutionListener@788fcafb, org.springframework.boot.test.mock.mockito.ResetMocksTestExecutionListener@4febb875, org.springframework.boot.test.autoconfigure.restdocs.RestDocsTestExecutionListener@25e2a451, org.springframework.boot.test.autoconfigure.web.client.MockRestServiceServerResetTestExecutionListener@1698ee84, org.springframework.boot.test.autoconfigure.web.servlet.MockMvcPrintOnlyOnFailureTestExecutionListener@10c626be, org.springframework.boot.test.autoconfigure.web.servlet.WebDriverTestExecutionListener@2fc0cc3, org.springframework.boot.test.autoconfigure.webservices.client.MockWebServiceServerTestExecutionListener@328cf0e1]
 ::                                                         ____
 /\    ____                 ____             _              \ \ \
|/\|  / ___|___  _ __ ___  / ___| _ __  _ __(_)_ __   __ _   \ \ \
     | |   / _ \| '__/ _ \ \___ \| '_ \| '__| | '_ \ / _` |   \ \ \
     | |__| (_) | | |  __/  ___) | |_) | |  | | | | | (_| |   / / /
      \____\___/|_|  \___| |____/| .__/|_|  |_|_| |_|\__, |  / / /
 ================================|_|==================|___/=/_/_/=
   :: Core Spring Training ::                  :: v5.3.23.RELEASE ::

INFO : a.w.AccountControllerCustomUserDetailsServiceTests - Starting AccountControllerCustomUserDetailsServiceTests using Java 11.0.18 on Roberts-Mini.fritz.box with PID 20844 (started by robertkokorev in /Users/robertkokorev/Dev/workshops/spring-academy-labfiles/42-security-rest)
DEBUG: a.w.AccountControllerCustomUserDetailsServiceTests - Running with Spring Boot v2.7.5, Spring v5.3.23
INFO : a.w.AccountControllerCustomUserDetailsServiceTests - No active profile set, falling back to 1 default profile: "default"
INFO : o.s.s.web.DefaultSecurityFilterChain - Will secure any request with [org.springframework.security.web.session.DisableEncodeUrlFilter@5cfed0ba, org.springframework.security.web.context.request.async.WebAsyncManagerIntegrationFilter@5c8d58ed, org.springframework.security.web.context.SecurityContextPersistenceFilter@1e226bcd, org.springframework.security.web.header.HeaderWriterFilter@7aded903, org.springframework.security.web.authentication.logout.LogoutFilter@76396509, org.springframework.security.web.authentication.www.BasicAuthenticationFilter@50598a1a, org.springframework.security.web.savedrequest.RequestCacheAwareFilter@35025a0a, org.springframework.security.web.servletapi.SecurityContextHolderAwareRequestFilter@6f38f084, org.springframework.security.web.authentication.AnonymousAuthenticationFilter@6a567f7b, org.springframework.security.web.session.SessionManagementFilter@1f916219, org.springframework.security.web.access.ExceptionTranslationFilter@478fb7dc, org.springframework.security.web.access.intercept.AuthorizationFilter@512abf25]
INFO : o.s.b.a.w.s.WelcomePageHandlerMapping - Adding welcome page: class path resource [static/index.html]
DEBUG: _.s.web.servlet.HandlerMapping.Mappings - 
	a.w.AccountController:
	{GET [/authorities]}: getAuthoritiesForUser(String)
	{GET [/accounts]}: accountSummary()
	{GET [/accounts/{id}]}: accountDetails(int)
	{POST [/accounts]}: createAccount(Account)
	{GET [/accounts/{accountId}/beneficiaries/{beneficiaryName}]}: getBeneficiary(int,String)
	{POST [/accounts/{accountId}/beneficiaries]}: addBeneficiary(long,String)
	{DELETE [/accounts/{accountId}/beneficiaries/{beneficiaryName}]}: removeBeneficiary(long,String)
DEBUG: _.s.web.servlet.HandlerMapping.Mappings - 
	o.s.b.a.w.s.e.BasicErrorController:
	{ [/error]}: error(HttpServletRequest)
	{ [/error], produces [text/html]}: errorHtml(HttpServletRequest,HttpServletResponse)
DEBUG: _.s.web.servlet.HandlerMapping.Mappings - 'beanNameHandlerMapping' {}
DEBUG: _.s.web.servlet.HandlerMapping.Mappings - 'resourceHandlerMapping' {/webjars/**=ResourceHttpRequestHandler [classpath [META-INF/resources/webjars/]], /**=ResourceHttpRequestHandler [classpath [META-INF/resources/], classpath [resources/], classpath [static/], classpath [public/], ServletContext [/]]}
INFO : o.s.b.t.m.w.SpringBootMockServletContext - Initializing Spring TestDispatcherServlet ''
INFO : o.s.t.web.servlet.TestDispatcherServlet - Initializing Servlet ''
INFO : o.s.t.web.servlet.TestDispatcherServlet - Completed initialization in 1 ms
INFO : a.w.AccountControllerCustomUserDetailsServiceTests - Started AccountControllerCustomUserDetailsServiceTests in 1.197 seconds (JVM running for 1.676)
]]></system-out>
  </testcase>
  <testcase name="accountDetails_with_mary_credentials_should_return_200" classname="accounts.web.AccountControllerCustomUserDetailsServiceTests" time="0">
    <skipped message="public void accounts.web.AccountControllerCustomUserDetailsServiceTests.accountDetails_with_mary_credentials_should_return_200() throws java.lang.Exception is @Disabled"/>
  </testcase>
</testsuite>